[2025-07-01T14:17:58.739+0000] {taskinstance.py:1956} INFO - Dependencies all met for dep_context=non-requeueable deps ti=<TaskInstance: etl_retail_dag.load manual__2025-07-01T14:08:06.464710+00:00 [queued]>
[2025-07-01T14:17:58.776+0000] {taskinstance.py:1956} INFO - Dependencies all met for dep_context=requeueable deps ti=<TaskInstance: etl_retail_dag.load manual__2025-07-01T14:08:06.464710+00:00 [queued]>
[2025-07-01T14:17:58.778+0000] {taskinstance.py:2170} INFO - Starting attempt 1 of 1
[2025-07-01T14:17:58.841+0000] {taskinstance.py:2191} INFO - Executing <Task(PythonOperator): load> on 2025-07-01 14:08:06.464710+00:00
[2025-07-01T14:17:58.872+0000] {standard_task_runner.py:60} INFO - Started process 340 to run task
[2025-07-01T14:17:58.889+0000] {standard_task_runner.py:87} INFO - Running: ['***', 'tasks', 'run', 'etl_retail_dag', 'load', 'manual__2025-07-01T14:08:06.464710+00:00', '--job-id', '15', '--raw', '--subdir', 'DAGS_FOLDER/etl_retail.py', '--cfg-path', '/tmp/tmpk2url669']
[2025-07-01T14:17:58.899+0000] {standard_task_runner.py:88} INFO - Job 15: Subtask load
[2025-07-01T14:17:59.131+0000] {task_command.py:423} INFO - Running <TaskInstance: etl_retail_dag.load manual__2025-07-01T14:08:06.464710+00:00 [running]> on host 3f084dede7e5
[2025-07-01T14:17:59.439+0000] {taskinstance.py:2480} INFO - Exporting env vars: AIRFLOW_CTX_DAG_OWNER='dewi' AIRFLOW_CTX_DAG_ID='etl_retail_dag' AIRFLOW_CTX_TASK_ID='load' AIRFLOW_CTX_EXECUTION_DATE='2025-07-01T14:08:06.464710+00:00' AIRFLOW_CTX_TRY_NUMBER='1' AIRFLOW_CTX_DAG_RUN_ID='manual__2025-07-01T14:08:06.464710+00:00'
[2025-07-01T14:17:59.746+0000] {base.py:83} INFO - Using connection ID 'pg_src' for task execution.
[2025-07-01T14:17:59.770+0000] {sql.py:450} INFO - Running statement: 
    CREATE TABLE IF NOT EXISTS retail_mart (
        InvoiceNo   TEXT,
        StockCode   TEXT,
        Description TEXT,
        Quantity    INTEGER,
        InvoiceDate TIMESTAMP,
        UnitPrice   NUMERIC,
        CustomerID  TEXT,
        Country     TEXT,
        TotalPrice  NUMERIC
    );
    , parameters: None
[2025-07-01T14:17:59.947+0000] {base.py:83} INFO - Using connection ID 'pg_src' for task execution.
[2025-07-01T14:18:00.100+0000] {logging_mixin.py:188} INFO - ✅ Loaded 996 rows into retail_mart
[2025-07-01T14:18:00.102+0000] {python.py:201} INFO - Done. Returned value was: None
[2025-07-01T14:18:00.172+0000] {taskinstance.py:1138} INFO - Marking task as SUCCESS. dag_id=etl_retail_dag, task_id=load, execution_date=20250701T140806, start_date=20250701T141758, end_date=20250701T141800
[2025-07-01T14:18:00.239+0000] {local_task_job_runner.py:234} INFO - Task exited with return code 0
[2025-07-01T14:18:00.294+0000] {taskinstance.py:3280} INFO - 0 downstream tasks scheduled from follow-on schedule check
